<?xml version="1.0" encoding="UTF-8"?>
<!-- Generated by org.testng.reporters.JUnitReportReporter -->
<testsuite skipped="2" hostname="DESKTOP-E15M0P2" name="testNG.sixthClass" tests="4" failures="0" timestamp="07 May 2021 05:08:14 GMT" time="0.000" errors="1">
  <testcase name="sixthClassMethod2" time="0.000" classname="testNG.sixthClass"/>
  <testcase name="sixthClassMethod1" time="0.000" classname="testNG.sixthClass">
    <error type="org.testng.TestNGException" message="
Parameter &#039;username&#039; is required by @Test on method sixthClassMethod1 but has not been marked @Optional or defined
in C:\Users\DELL\eclipse-workspace\LearningSelenium2021\testng2.xml">
      <![CDATA[org.testng.TestNGException: 
Parameter 'username' is required by @Test on method sixthClassMethod1 but has not been marked @Optional or defined
in C:\Users\DELL\eclipse-workspace\LearningSelenium2021\testng2.xml
at org.testng.internal.Parameters.createParams(Parameters.java:290)
at org.testng.internal.Parameters.createParametersForMethod(Parameters.java:359)
at org.testng.internal.Parameters.createParameters(Parameters.java:620)
at org.testng.internal.Parameters.handleParameters(Parameters.java:769)
at org.testng.internal.ParameterHandler.handleParameters(ParameterHandler.java:49)
at org.testng.internal.ParameterHandler.createParameters(ParameterHandler.java:37)
at org.testng.internal.Invoker.invokeTestMethods(Invoker.java:924)
at org.testng.internal.TestMethodWorker.invokeTestMethods(TestMethodWorker.java:125)
at org.testng.internal.TestMethodWorker.run(TestMethodWorker.java:109)
at org.testng.TestRunner.privateRun(TestRunner.java:648)
at org.testng.TestRunner.run(TestRunner.java:505)
at org.testng.SuiteRunner.runTest(SuiteRunner.java:455)
at org.testng.SuiteRunner.runSequentially(SuiteRunner.java:450)
at org.testng.SuiteRunner.privateRun(SuiteRunner.java:415)
at org.testng.SuiteRunner.run(SuiteRunner.java:364)
at org.testng.SuiteRunnerWorker.runSuite(SuiteRunnerWorker.java:52)
at org.testng.SuiteRunnerWorker.run(SuiteRunnerWorker.java:84)
at org.testng.TestNG.runSuitesSequentially(TestNG.java:1208)
at org.testng.TestNG.runSuitesLocally(TestNG.java:1137)
at org.testng.TestNG.runSuites(TestNG.java:1049)
at org.testng.TestNG.run(TestNG.java:1017)
at org.apache.maven.surefire.testng.TestNGExecutor.run(TestNGExecutor.java:283)
at org.apache.maven.surefire.testng.TestNGXmlTestSuite.execute(TestNGXmlTestSuite.java:75)
at org.apache.maven.surefire.testng.TestNGProvider.invoke(TestNGProvider.java:120)
at org.apache.maven.surefire.booter.ForkedBooter.invokeProviderInSameClassLoader(ForkedBooter.java:373)
at org.apache.maven.surefire.booter.ForkedBooter.runSuitesInProcess(ForkedBooter.java:334)
at org.apache.maven.surefire.booter.ForkedBooter.execute(ForkedBooter.java:119)
at org.apache.maven.surefire.booter.ForkedBooter.main(ForkedBooter.java:407)
]]>
    </error>
  </testcase> <!-- sixthClassMethod1 -->
  <testcase name="sixthClassMethod3" time="0.000" classname="testNG.sixthClass">
    <skipped/>
  </testcase> <!-- sixthClassMethod3 -->
  <testcase name="sixthClassMethod4" classname="testNG.sixthClass">
    <skipped/>
  </testcase> <!-- sixthClassMethod4 -->
</testsuite> <!-- testNG.sixthClass -->
